<?xml version="1.0" encoding="UTF-8"?>
<!-- Generated by org.testng.reporters.JUnitReportReporter -->
<testsuite hostname="LAPTOP-M57M5LQ1" failures="0" tests="2" name="Framework.HomePage" time="17.974" errors="0" timestamp="2021-07-25T16:18:58 IST" skipped="0">
  <testcase classname="Framework.HomePage" name="basepageNavigation" time="8.300"/>
  <system-out/>
  <testcase classname="Framework.HomePage" name="basepageNavigation" time="9.674"/>
  <system-out/>
</testsuite> <!-- Framework.HomePage -->
